C:\Program Files\Microsoft Visual Studio\2022\Community\MSBuild\Microsoft\VC\v170\Microsoft.CppBuild.targets(499,5): warning MSB8004: Intermediate Directory does not end with a trailing slash.  This build instance will add the slash as it is required to allow proper evaluation of the Intermediate Directory.
C:\Program Files\Microsoft Visual Studio\2022\Community\MSBuild\Microsoft\VC\v170\Microsoft.CppBuild.targets(500,5): warning MSB8004: Output Directory does not end with a trailing slash.  This build instance will add the slash as it is required to allow proper evaluation of the Output Directory.
C:\Program Files\Microsoft Visual Studio\2022\Community\MSBuild\Microsoft\VC\v170\Microsoft.CppBuild.targets(514,5): warning MSB8028: The intermediate directory (C:\dev\C++\Graphics\Raycaster\bin\intermediates\x64\Debug\) contains files shared from another project (LearnOpenGL.vcxproj).  This can lead to incorrect clean and rebuild behavior.
  Game.cpp
C:\dev\C++\Graphics\Raycaster\Raycaster\src\Game.cpp(285,20): warning C4244: '=': conversion from 'double' to 'float', possible loss of data
C:\dev\C++\Graphics\Raycaster\Raycaster\src\Game.cpp(289,12): warning C4305: '+=': truncation from 'double' to 'float'
C:\dev\C++\Graphics\Raycaster\Raycaster\src\Game.cpp(294,12): warning C4305: '-=': truncation from 'double' to 'float'
C:\dev\C++\Graphics\Raycaster\Raycaster\src\Game.cpp(307,37): warning C4244: '=': conversion from 'double' to 'float', possible loss of data
C:\dev\C++\Graphics\Raycaster\Raycaster\src\Game.cpp(316,36): warning C4244: '=': conversion from 'int' to 'float', possible loss of data
C:\dev\C++\Graphics\Raycaster\Raycaster\src\Game.cpp(360,37): warning C4244: '=': conversion from 'double' to 'float', possible loss of data
C:\dev\C++\Graphics\Raycaster\Raycaster\src\Game.cpp(369,37): warning C4244: '=': conversion from 'int' to 'float', possible loss of data
C:\dev\C++\Graphics\Raycaster\Raycaster\src\Game.cpp(406,19): warning C4305: '+=': truncation from 'double' to 'float'
C:\dev\C++\Graphics\Raycaster\Raycaster\src\Game.cpp(410,13): warning C4305: '+=': truncation from 'double' to 'float'
C:\dev\C++\Graphics\Raycaster\Raycaster\src\Game.cpp(415,13): warning C4305: '-=': truncation from 'double' to 'float'
C:\dev\C++\Graphics\Raycaster\Raycaster\src\Game.cpp(468,13): warning C4305: '+=': truncation from 'double' to 'float'
C:\dev\C++\Graphics\Raycaster\Raycaster\src\Game.cpp(472,13): warning C4305: '-=': truncation from 'double' to 'float'
C:\dev\C++\Graphics\Raycaster\Raycaster\src\Game.cpp(282,6): warning C4101: 'r': unreferenced local variable
C:\dev\C++\Graphics\Raycaster\Raycaster\src\Game.cpp(561,22): warning C4305: '+=': truncation from 'double' to 'float'
C:\dev\C++\Graphics\Raycaster\Raycaster\src\Game.cpp(564,23): warning C4305: '-=': truncation from 'double' to 'float'
C:\dev\C++\Graphics\Raycaster\Raycaster\src\Game.cpp(572,22): warning C4305: '-=': truncation from 'double' to 'float'
C:\dev\C++\Graphics\Raycaster\Raycaster\src\Game.cpp(575,23): warning C4305: '+=': truncation from 'double' to 'float'
  LearnOpenGL.vcxproj -> C:\dev\C++\Graphics\Raycaster\bin\Output\x64\Debug\Raycaster.exe
