c:\dev\c++\graphics\learnopengl\bin\intermediates\x64\debug\vc143.pdb
c:\dev\c++\graphics\learnopengl\bin\intermediates\x64\debug\vc143.idb
c:\dev\c++\graphics\learnopengl\bin\intermediates\x64\debug\stb_image.obj
c:\dev\c++\graphics\learnopengl\bin\intermediates\x64\debug\shader.obj
c:\dev\c++\graphics\learnopengl\bin\intermediates\x64\debug\openglutils.obj
c:\dev\c++\graphics\learnopengl\bin\intermediates\x64\debug\chapter7.obj
c:\dev\c++\graphics\learnopengl\bin\intermediates\x64\debug\chapter6.obj
c:\dev\c++\graphics\learnopengl\bin\intermediates\x64\debug\chapter5.obj
c:\dev\c++\graphics\learnopengl\bin\intermediates\x64\debug\application.obj
c:\dev\c++\graphics\learnopengl\bin\intermediates\x64\debug\glad.obj
c:\dev\c++\graphics\learnopengl\bin\intermediates\x64\debug\learnopengl.ilk
c:\dev\c++\graphics\learnopengl\bin\output\x64\debug\learnopengl.exe
c:\dev\c++\graphics\learnopengl\bin\output\x64\debug\learnopengl.pdb
c:\dev\c++\graphics\learnopengl\bin\intermediates\x64\debug\learnopengl.vcxproj.filelistabsolute.txt
c:\dev\c++\graphics\learnopengl\bin\intermediates\x64\debug\learnopengl.tlog\cl.command.1.tlog
c:\dev\c++\graphics\learnopengl\bin\intermediates\x64\debug\learnopengl.tlog\cl.read.1.tlog
c:\dev\c++\graphics\learnopengl\bin\intermediates\x64\debug\learnopengl.tlog\cl.write.1.tlog
c:\dev\c++\graphics\learnopengl\bin\intermediates\x64\debug\learnopengl.tlog\link.command.1.tlog
c:\dev\c++\graphics\learnopengl\bin\intermediates\x64\debug\learnopengl.tlog\link.read.1.tlog
c:\dev\c++\graphics\learnopengl\bin\intermediates\x64\debug\learnopengl.tlog\link.write.1.tlog
